
=== Wed Nov 11 04:16:20 2020

Packages were changed.
Update Mode: updateDependencies

The following packages were updated:
  com.unity.ide.vscode from version 1.2.1 to 1.2.2
  com.unity.test-framework from version 1.1.16 to 1.1.18

=== Wed Nov 11 13:21:07 2020

Packages were changed.
Update Mode: updateDependencies

The following packages were updated:
  com.unity.ide.vscode from version 1.2.1 to 1.2.2
  com.unity.test-framework from version 1.1.16 to 1.1.18

=== Tue Dec 22 17:43:38 2020

Packages were changed.
Update Mode: updateDependencies

The following packages were updated:
  com.unity.test-framework from version 1.1.18 to 1.1.19

=== Sat Dec 26 21:12:30 2020

Packages were changed.
Update Mode: mergeDefaultDependencies

The following packages were added:
  com.unity.recorder@2.2.0-preview.4

=== Tue Jan  5 17:35:42 2021

Packages were changed.
Update Mode: mergeDefaultDependencies

The following packages were added:
  com.unity.ads@2.0.8
  com.unity.analytics@3.2.2
  com.unity.package-manager-ui@2.0.8
  com.unity.purchasing@2.0.3

=== Wed Jan 13 09:23:15 2021

Packages were changed.
Update Mode: updateDependencies

The following packages were updated:
  com.unity.ads from version 2.0.8 to 3.5.2
  com.unity.analytics from version 3.2.2 to 3.3.5
  com.unity.purchasing from version 2.0.3 to 2.2.1

=== Fri Jan 15 12:52:17 2021

Packages were changed.
Update Mode: updateDependencies

The following packages were updated:
  com.unity.test-framework from version 1.1.19 to 1.1.20

=== Sun Jan 31 21:42:27 2021

Packages were changed.
Update Mode: updateDependencies

The following packages were added:
  com.unity.ide.visualstudio@2.0.5
The following packages were updated:
  com.unity.analytics from version 3.3.5 to 3.5.3
  com.unity.animation.rigging from version 0.2.7-preview to 1.0.3
  com.unity.collab-proxy from version 1.2.16 to 1.3.9
  com.unity.ide.rider from version 1.1.4 to 2.0.7
  com.unity.render-pipelines.universal from version 7.3.1 to 10.2.2
  com.unity.textmeshpro from version 2.1.1 to 3.0.1
  com.unity.visualeffectgraph from version 7.3.1 to 10.2.2

=== Thu Feb  4 13:44:14 2021

Packages were changed.
Update Mode: updateDependencies

The following packages were updated:
  com.unity.ads from version 3.5.2 to 3.6.1

=== Thu Mar 18 18:02:37 2021

Packages were changed.
Update Mode: updateDependencies

The following packages were updated:
  com.unity.ide.visualstudio from version 2.0.5 to 2.0.7
  com.unity.recorder from version 2.5.2 to 2.5.4
  com.unity.render-pipelines.universal from version 10.2.2 to 10.3.2
  com.unity.visualeffectgraph from version 10.2.2 to 10.3.2
